Change Component Footprint: Designator=D1 Old Footprint=DIODE-0.7 New Footprint=Diode
Change Component Comment : Designator=D1 Old Comment=5V6 New Comment=D Zener
Change component parameters: Designator = "C2"; Footprint = "CAPC2012X94N"; UniqueID = "\YBSYPRNG"
Change component parameters. Clean all parameters for all variants
Change component parameters (AddParameter): Name = "Allied_Number"; Value = "70002096"; VariantName = "[No Variations]"
Change component parameters (AddParameter): Name = "Datasheet Link"; Value = "http://uk.rs-online.com/web/p/products/4646688P"; VariantName = "[No Variations]"
Change component parameters (AddParameter): Name = "Height"; Value = "0.94mm"; VariantName = "[No Variations]"
Change component parameters (AddParameter): Name = "Manufacturer_Name"; Value = "AVX"; VariantName = "[No Variations]"
Change component parameters (AddParameter): Name = "Manufacturer_Part_Number"; Value = "08055C104KAT2A"; VariantName = "[No Variations]"
Change component parameters (AddParameter): Name = "RS Part Number"; Value = "4646688P"; VariantName = "[No Variations]"
Change component parameters (AddParameter): Name = "RS Price/Stock"; Value = "http://uk.rs-online.com/web/p/products/4646688P"; VariantName = "[No Variations]"
Change component parameters (AddParameter): Name = "Value"; Value = "2.2nF"; VariantName = "[No Variations]"
Change component parameters: Designator = "C7"; Footprint = "CAPC2012X94N"; UniqueID = "\UYEJOZID"
Change component parameters. Clean all parameters for all variants
Change component parameters (AddParameter): Name = "Allied_Number"; Value = "70002096"; VariantName = "[No Variations]"
Change component parameters (AddParameter): Name = "Datasheet Link"; Value = "http://uk.rs-online.com/web/p/products/4646688P"; VariantName = "[No Variations]"
Change component parameters (AddParameter): Name = "Height"; Value = "0.94mm"; VariantName = "[No Variations]"
Change component parameters (AddParameter): Name = "Manufacturer_Name"; Value = "AVX"; VariantName = "[No Variations]"
Change component parameters (AddParameter): Name = "Manufacturer_Part_Number"; Value = "08055C104KAT2A"; VariantName = "[No Variations]"
Change component parameters (AddParameter): Name = "RS Part Number"; Value = "4646688P"; VariantName = "[No Variations]"
Change component parameters (AddParameter): Name = "RS Price/Stock"; Value = "http://uk.rs-online.com/web/p/products/4646688P"; VariantName = "[No Variations]"
Change component parameters (AddParameter): Name = "Value"; Value = "2.2nF"; VariantName = "[No Variations]"
Change component parameters: Designator = "C8"; Footprint = "CAPC2012X94N"; UniqueID = "\GVYGQDIQ"
Change component parameters. Clean all parameters for all variants
Change component parameters (AddParameter): Name = "Allied_Number"; Value = "70002096"; VariantName = "[No Variations]"
Change component parameters (AddParameter): Name = "Datasheet Link"; Value = "http://uk.rs-online.com/web/p/products/4646688P"; VariantName = "[No Variations]"
Change component parameters (AddParameter): Name = "Height"; Value = "0.94mm"; VariantName = "[No Variations]"
Change component parameters (AddParameter): Name = "Manufacturer_Name"; Value = "AVX"; VariantName = "[No Variations]"
Change component parameters (AddParameter): Name = "Manufacturer_Part_Number"; Value = "08055C104KAT2A"; VariantName = "[No Variations]"
Change component parameters (AddParameter): Name = "RS Part Number"; Value = "4646688P"; VariantName = "[No Variations]"
Change component parameters (AddParameter): Name = "RS Price/Stock"; Value = "http://uk.rs-online.com/web/p/products/4646688P"; VariantName = "[No Variations]"
Change component parameters (AddParameter): Name = "Value"; Value = "2.2nF"; VariantName = "[No Variations]"
Change component parameters: Designator = "C9"; Footprint = "CAPC2012X94N"; UniqueID = "\ZNDATDCT"
Change component parameters. Clean all parameters for all variants
Change component parameters (AddParameter): Name = "Allied_Number"; Value = "70002096"; VariantName = "[No Variations]"
Change component parameters (AddParameter): Name = "Datasheet Link"; Value = "http://uk.rs-online.com/web/p/products/4646688P"; VariantName = "[No Variations]"
Change component parameters (AddParameter): Name = "Height"; Value = "0.94mm"; VariantName = "[No Variations]"
Change component parameters (AddParameter): Name = "Manufacturer_Name"; Value = "AVX"; VariantName = "[No Variations]"
Change component parameters (AddParameter): Name = "Manufacturer_Part_Number"; Value = "08055C104KAT2A"; VariantName = "[No Variations]"
Change component parameters (AddParameter): Name = "RS Part Number"; Value = "4646688P"; VariantName = "[No Variations]"
Change component parameters (AddParameter): Name = "RS Price/Stock"; Value = "http://uk.rs-online.com/web/p/products/4646688P"; VariantName = "[No Variations]"
Change component parameters (AddParameter): Name = "Value"; Value = "2.2nF"; VariantName = "[No Variations]"
Change component parameters: Designator = "R17"; Footprint = "Res1 0805"; UniqueID = "\INRTKNVT"
Change component parameters. Clean all parameters for all variants
Change component parameters (AddParameter): Name = "LatestRevisionDate"; Value = "29-May-2009"; VariantName = "[No Variations]"
Change component parameters (AddParameter): Name = "LatestRevisionNote"; Value = "IPC-7351 Footprint Added."; VariantName = "[No Variations]"
Change component parameters (AddParameter): Name = "PackageDescription"; Value = "Chip Resistor"; VariantName = "[No Variations]"
Change component parameters (AddParameter): Name = "PackageReference"; Value = "J1-0603"; VariantName = "[No Variations]"
Change component parameters (AddParameter): Name = "Published"; Value = "8-Jun-2000"; VariantName = "[No Variations]"
Change component parameters (AddParameter): Name = "Publisher"; Value = "Altium Limited"; VariantName = "[No Variations]"
Change component parameters (AddParameter): Name = "Value"; Value = "1k8"; VariantName = "[No Variations]"
Change component parameters: Designator = "R18"; Footprint = "Res1 0805"; UniqueID = "\ZFHJHPQB"
Change component parameters. Clean all parameters for all variants
Change component parameters (AddParameter): Name = "LatestRevisionDate"; Value = "29-May-2009"; VariantName = "[No Variations]"
Change component parameters (AddParameter): Name = "LatestRevisionNote"; Value = "IPC-7351 Footprint Added."; VariantName = "[No Variations]"
Change component parameters (AddParameter): Name = "PackageDescription"; Value = "Chip Resistor"; VariantName = "[No Variations]"
Change component parameters (AddParameter): Name = "PackageReference"; Value = "J1-0603"; VariantName = "[No Variations]"
Change component parameters (AddParameter): Name = "Published"; Value = "8-Jun-2000"; VariantName = "[No Variations]"
Change component parameters (AddParameter): Name = "Publisher"; Value = "Altium Limited"; VariantName = "[No Variations]"
Change component parameters (AddParameter): Name = "Value"; Value = "1k8"; VariantName = "[No Variations]"
Change component parameters: Designator = "R19"; Footprint = "Res1 0805"; UniqueID = "\RWTJISJF"
Change component parameters. Clean all parameters for all variants
Change component parameters (AddParameter): Name = "LatestRevisionDate"; Value = "29-May-2009"; VariantName = "[No Variations]"
Change component parameters (AddParameter): Name = "LatestRevisionNote"; Value = "IPC-7351 Footprint Added."; VariantName = "[No Variations]"
Change component parameters (AddParameter): Name = "PackageDescription"; Value = "Chip Resistor"; VariantName = "[No Variations]"
Change component parameters (AddParameter): Name = "PackageReference"; Value = "J1-0603"; VariantName = "[No Variations]"
Change component parameters (AddParameter): Name = "Published"; Value = "8-Jun-2000"; VariantName = "[No Variations]"
Change component parameters (AddParameter): Name = "Publisher"; Value = "Altium Limited"; VariantName = "[No Variations]"
Change component parameters (AddParameter): Name = "Value"; Value = "1k8"; VariantName = "[No Variations]"
Change component parameters: Designator = "R20"; Footprint = "Res1 0805"; UniqueID = "\IFYCESLU"
Change component parameters. Clean all parameters for all variants
Change component parameters (AddParameter): Name = "LatestRevisionDate"; Value = "29-May-2009"; VariantName = "[No Variations]"
Change component parameters (AddParameter): Name = "LatestRevisionNote"; Value = "IPC-7351 Footprint Added."; VariantName = "[No Variations]"
Change component parameters (AddParameter): Name = "PackageDescription"; Value = "Chip Resistor"; VariantName = "[No Variations]"
Change component parameters (AddParameter): Name = "PackageReference"; Value = "J1-0603"; VariantName = "[No Variations]"
Change component parameters (AddParameter): Name = "Published"; Value = "8-Jun-2000"; VariantName = "[No Variations]"
Change component parameters (AddParameter): Name = "Publisher"; Value = "Altium Limited"; VariantName = "[No Variations]"
Change component parameters (AddParameter): Name = "Value"; Value = "1k8"; VariantName = "[No Variations]"
Change component parameters: Designator = "R21"; Footprint = "Res1 0805"; UniqueID = "\JSQLRDGV"
Change component parameters. Clean all parameters for all variants
Change component parameters (AddParameter): Name = "LatestRevisionDate"; Value = "29-May-2009"; VariantName = "[No Variations]"
Change component parameters (AddParameter): Name = "LatestRevisionNote"; Value = "IPC-7351 Footprint Added."; VariantName = "[No Variations]"
Change component parameters (AddParameter): Name = "PackageDescription"; Value = "Chip Resistor"; VariantName = "[No Variations]"
Change component parameters (AddParameter): Name = "PackageReference"; Value = "J1-0603"; VariantName = "[No Variations]"
Change component parameters (AddParameter): Name = "Published"; Value = "8-Jun-2000"; VariantName = "[No Variations]"
Change component parameters (AddParameter): Name = "Publisher"; Value = "Altium Limited"; VariantName = "[No Variations]"
Change component parameters (AddParameter): Name = "Value"; Value = "1k8"; VariantName = "[No Variations]"
Change component parameters: Designator = "R24"; Footprint = "Res1 0805"; UniqueID = "\TVQLHNEJ"
Change component parameters. Clean all parameters for all variants
Change component parameters (AddParameter): Name = "LatestRevisionDate"; Value = "29-May-2009"; VariantName = "[No Variations]"
Change component parameters (AddParameter): Name = "LatestRevisionNote"; Value = "IPC-7351 Footprint Added."; VariantName = "[No Variations]"
Change component parameters (AddParameter): Name = "PackageDescription"; Value = "Chip Resistor"; VariantName = "[No Variations]"
Change component parameters (AddParameter): Name = "PackageReference"; Value = "J1-0603"; VariantName = "[No Variations]"
Change component parameters (AddParameter): Name = "Published"; Value = "8-Jun-2000"; VariantName = "[No Variations]"
Change component parameters (AddParameter): Name = "Publisher"; Value = "Altium Limited"; VariantName = "[No Variations]"
Change component parameters (AddParameter): Name = "Value"; Value = "1k8"; VariantName = "[No Variations]"
Added Member To Class: ClassName=Toshiba_CB_Sheet1 Member=Component P20 Pin1
Added Room: Name=Toshiba_CB_Sheet1
