Change Physical Footprint: Designator=C1 Old Footprint=CAPC2012X94N New Footprint=CAPC2012X94N
Change Physical Footprint: Designator=C2 Old Footprint=CAPC2012X94N New Footprint=CAPC2012X94N
Change Physical Footprint: Designator=C3 Old Footprint=CAPC2012X94N New Footprint=CAPC2012X94N
Change Physical Footprint: Designator=C4 Old Footprint=CAPC2012X94N New Footprint=CAPC2012X94N
Change Physical Footprint: Designator=C5 Old Footprint=CAPC2012X94N New Footprint=CAPC2012X94N
Change Physical Footprint: Designator=C6 Old Footprint=CAPC2012X94N New Footprint=CAPC2012X94N
Change Physical Footprint: Designator=C7 Old Footprint=CAPC2012X94N New Footprint=CAPC2012X94N
Change Physical Footprint: Designator=C8 Old Footprint=CAPC2012X94N New Footprint=CAPC2012X94N
Change Physical Footprint: Designator=C9 Old Footprint=CAPC2012X94N New Footprint=CAPC2012X94N
Change Physical Footprint: Designator=D1 Old Footprint=Diode New Footprint=Diode
Change Physical Footprint: Designator=IC1 Old Footprint=SOIC127P600X175-16N New Footprint=SOIC127P600X175-16N
Change Physical Footprint: Designator=IC2 Old Footprint=SOIC127P600X175-16N New Footprint=SOIC127P600X175-16N
Change Physical Footprint: Designator=IC3 Old Footprint=SOIC127P600X175-16N New Footprint=SOIC127P600X175-16N
Change Physical Footprint: Designator=J1 Old Footprint=D connector 37 way New Footprint=D connector 37 way
Change Physical Footprint: Designator=P1 Old Footprint=Pin1 New Footprint=pin1
Change Physical Footprint: Designator=P2 Old Footprint=Pin1 New Footprint=pin1
Change Physical Footprint: Designator=P3 Old Footprint=Pin1 New Footprint=pin1
Change Physical Footprint: Designator=P4 Old Footprint=Pin1 New Footprint=pin1
Change Physical Footprint: Designator=P5 Old Footprint=Pin1 New Footprint=pin1
Change Physical Footprint: Designator=P6 Old Footprint=Pin1 New Footprint=pin1
Change Physical Footprint: Designator=P7 Old Footprint=Pin1 New Footprint=pin1
Change Physical Footprint: Designator=P8 Old Footprint=Pin1 New Footprint=pin1
Change Physical Footprint: Designator=P9 Old Footprint=Pin1 New Footprint=pin1
Change Physical Footprint: Designator=P10 Old Footprint=Pin1 New Footprint=pin1
Change Physical Footprint: Designator=P11 Old Footprint=Pin1 New Footprint=pin1
Change Physical Footprint: Designator=P12 Old Footprint=Pin1 New Footprint=pin1
Change Physical Footprint: Designator=P13 Old Footprint=Pin1 New Footprint=pin1
Change Physical Footprint: Designator=P14 Old Footprint=Pin1 New Footprint=pin1
Change Physical Footprint: Designator=P15 Old Footprint=Pin1 New Footprint=pin1
Change Physical Footprint: Designator=P16 Old Footprint=Pin1 New Footprint=pin1
Change Physical Footprint: Designator=P17 Old Footprint=Pin1 New Footprint=pin1
Change Physical Footprint: Designator=P18 Old Footprint=Pin1 New Footprint=pin1
Change Physical Footprint: Designator=P19 Old Footprint=Pin1 New Footprint=pin1
Change Physical Footprint: Designator=P20 Old Footprint=Pin1 New Footprint=pin1
Change Physical Footprint: Designator=P21 Old Footprint=Pin1 New Footprint=pin1
Change Physical Footprint: Designator=P22 Old Footprint=Pin1 New Footprint=pin1
Change Physical Footprint: Designator=R1 Old Footprint=Res1 0805 New Footprint=Res1 0805
Change Physical Footprint: Designator=R2 Old Footprint=Res1 0805 New Footprint=Res1 0805
Change Physical Footprint: Designator=R3 Old Footprint=Res1 0805 New Footprint=Res1 0805
Change Physical Footprint: Designator=R4 Old Footprint=Res1 0805 New Footprint=Res1 0805
Change Physical Footprint: Designator=R5 Old Footprint=Res1 0805 New Footprint=Res1 0805
Change Physical Footprint: Designator=R6 Old Footprint=Res1 0805 New Footprint=Res1 0805
Change Physical Footprint: Designator=R7 Old Footprint=Res1 0805 New Footprint=Res1 0805
Change Physical Footprint: Designator=R8 Old Footprint=Res1 0805 New Footprint=Res1 0805
Change Physical Footprint: Designator=R9 Old Footprint=Res1 0805 New Footprint=Res1 0805
Change Physical Footprint: Designator=R10 Old Footprint=Res1 0805 New Footprint=Res1 0805
Change Physical Footprint: Designator=R11 Old Footprint=Res1 0805 New Footprint=Res1 0805
Change Physical Footprint: Designator=R12 Old Footprint=Res1 0805 New Footprint=Res1 0805
Change Physical Footprint: Designator=R13 Old Footprint=Res1 0805 New Footprint=Res1 0805
Change Physical Footprint: Designator=R14 Old Footprint=Res1 0805 New Footprint=Res1 0805
Change Physical Footprint: Designator=R15 Old Footprint=Res1 0805 New Footprint=Res1 0805
Change Physical Footprint: Designator=R17 Old Footprint=Res1 0805 New Footprint=Res1 0805
Change Physical Footprint: Designator=R18 Old Footprint=Res1 0805 New Footprint=Res1 0805
Change Physical Footprint: Designator=R19 Old Footprint=Res1 0805 New Footprint=Res1 0805
Change Physical Footprint: Designator=R20 Old Footprint=Res1 0805 New Footprint=Res1 0805
Change Physical Footprint: Designator=R21 Old Footprint=Res1 0805 New Footprint=Res1 0805
Change Physical Footprint: Designator=R22 Old Footprint=Res1 0805 New Footprint=Res1 0805
Change Physical Footprint: Designator=R23 Old Footprint=Res1 0805 New Footprint=Res1 0805
Change Physical Footprint: Designator=R24 Old Footprint=Res1 0805 New Footprint=Res1 0805
